<?xml version="1.0" encoding="UTF-8"?>
<!-- Generated by org.testng.reporters.JUnitReportReporter -->
<testsuite hostname="DESKTOP-A7NQLM0" failures="0" tests="1" name="com.banking.testCases.TC_LoginTest_001" time="2.325" errors="0" timestamp="2021-06-25T23:44:06 CEST" skipped="0">
  <testcase classname="com.banking.testCases.TC_LoginTest_001" name="loginTest" time="2.325"/>
  <system-out/>
</testsuite> <!-- com.banking.testCases.TC_LoginTest_001 -->
